[2023-10-17 08:09:24,526] {taskinstance.py:1179} INFO - Dependencies all met for <TaskInstance: currency_btc_rub_every_10_munutes.get_rate_from_api_task manual__2023-10-17T08:09:22.061090+00:00 [queued]>
[2023-10-17 08:09:24,543] {taskinstance.py:1179} INFO - Dependencies all met for <TaskInstance: currency_btc_rub_every_10_munutes.get_rate_from_api_task manual__2023-10-17T08:09:22.061090+00:00 [queued]>
[2023-10-17 08:09:24,544] {taskinstance.py:1376} INFO - 
--------------------------------------------------------------------------------
[2023-10-17 08:09:24,545] {taskinstance.py:1377} INFO - Starting attempt 1 of 2
[2023-10-17 08:09:24,546] {taskinstance.py:1378} INFO - 
--------------------------------------------------------------------------------
[2023-10-17 08:09:24,566] {taskinstance.py:1397} INFO - Executing <Task(PythonOperator): get_rate_from_api_task> on 2023-10-17 08:09:22.061090+00:00
[2023-10-17 08:09:24,573] {standard_task_runner.py:52} INFO - Started process 1479 to run task
[2023-10-17 08:09:24,578] {standard_task_runner.py:79} INFO - Running: ['***', 'tasks', 'run', 'currency_btc_rub_every_10_munutes', 'get_rate_from_api_task', 'manual__2023-10-17T08:09:22.061090+00:00', '--job-id', '55', '--raw', '--subdir', 'DAGS_FOLDER/hello.py', '--cfg-path', '/tmp/tmpm7j1_oa_', '--error-file', '/tmp/tmpl67xrhqd']
[2023-10-17 08:09:24,579] {standard_task_runner.py:80} INFO - Job 55: Subtask get_rate_from_api_task
[2023-10-17 08:09:24,720] {task_command.py:371} INFO - Running <TaskInstance: currency_btc_rub_every_10_munutes.get_rate_from_api_task manual__2023-10-17T08:09:22.061090+00:00 [running]> on host 5ae209acedc4
[2023-10-17 08:09:24,862] {taskinstance.py:1591} INFO - Exporting the following env vars:
AIRFLOW_CTX_DAG_OWNER=Andrey1309
AIRFLOW_CTX_DAG_ID=currency_btc_rub_every_10_munutes
AIRFLOW_CTX_TASK_ID=get_rate_from_api_task
AIRFLOW_CTX_EXECUTION_DATE=2023-10-17T08:09:22.061090+00:00
AIRFLOW_CTX_TRY_NUMBER=1
AIRFLOW_CTX_DAG_RUN_ID=manual__2023-10-17T08:09:22.061090+00:00
[2023-10-17 08:09:24,871] {logging_mixin.py:115} INFO - Ошибка при запросе к API: Invalid URL 'url': No scheme supplied. Perhaps you meant http://url?
[2023-10-17 08:09:24,872] {python.py:173} INFO - Done. Returned value was: None
[2023-10-17 08:09:24,891] {taskinstance.py:1420} INFO - Marking task as SUCCESS. dag_id=currency_btc_rub_every_10_munutes, task_id=get_rate_from_api_task, execution_date=20231017T080922, start_date=20231017T080924, end_date=20231017T080924
[2023-10-17 08:09:24,953] {local_task_job.py:156} INFO - Task exited with return code 0
[2023-10-17 08:09:25,001] {local_task_job.py:273} INFO - 0 downstream tasks scheduled from follow-on schedule check
