[2023-10-17 08:30:01,909] {taskinstance.py:1179} INFO - Dependencies all met for <TaskInstance: currency_btc_rub_every_10_munutes.good_morning_task scheduled__2023-10-17T08:20:00+00:00 [queued]>
[2023-10-17 08:30:01,949] {taskinstance.py:1179} INFO - Dependencies all met for <TaskInstance: currency_btc_rub_every_10_munutes.good_morning_task scheduled__2023-10-17T08:20:00+00:00 [queued]>
[2023-10-17 08:30:01,953] {taskinstance.py:1376} INFO - 
--------------------------------------------------------------------------------
[2023-10-17 08:30:01,957] {taskinstance.py:1377} INFO - Starting attempt 1 of 2
[2023-10-17 08:30:01,958] {taskinstance.py:1378} INFO - 
--------------------------------------------------------------------------------
[2023-10-17 08:30:01,998] {taskinstance.py:1397} INFO - Executing <Task(BashOperator): good_morning_task> on 2023-10-17 08:20:00+00:00
[2023-10-17 08:30:02,021] {standard_task_runner.py:52} INFO - Started process 2424 to run task
[2023-10-17 08:30:02,034] {standard_task_runner.py:79} INFO - Running: ['***', 'tasks', 'run', 'currency_btc_rub_every_10_munutes', 'good_morning_task', 'scheduled__2023-10-17T08:20:00+00:00', '--job-id', '64', '--raw', '--subdir', 'DAGS_FOLDER/hello.py', '--cfg-path', '/tmp/tmpq2hbxb3u', '--error-file', '/tmp/tmpoxmtb__u']
[2023-10-17 08:30:02,037] {standard_task_runner.py:80} INFO - Job 64: Subtask good_morning_task
[2023-10-17 08:30:02,263] {task_command.py:371} INFO - Running <TaskInstance: currency_btc_rub_every_10_munutes.good_morning_task scheduled__2023-10-17T08:20:00+00:00 [running]> on host 5ae209acedc4
[2023-10-17 08:30:02,454] {taskinstance.py:1591} INFO - Exporting the following env vars:
AIRFLOW_CTX_DAG_OWNER=Andrey1309
AIRFLOW_CTX_DAG_ID=currency_btc_rub_every_10_munutes
AIRFLOW_CTX_TASK_ID=good_morning_task
AIRFLOW_CTX_EXECUTION_DATE=2023-10-17T08:20:00+00:00
AIRFLOW_CTX_TRY_NUMBER=1
AIRFLOW_CTX_DAG_RUN_ID=scheduled__2023-10-17T08:20:00+00:00
[2023-10-17 08:30:02,457] {subprocess.py:62} INFO - Tmp dir root location: 
 /tmp
[2023-10-17 08:30:02,459] {subprocess.py:74} INFO - Running command: ['bash', '-c', 'echo "Good morning my diggers!"']
[2023-10-17 08:30:02,484] {subprocess.py:85} INFO - Output:
[2023-10-17 08:30:02,488] {subprocess.py:92} INFO - Good morning my diggers!
[2023-10-17 08:30:02,491] {subprocess.py:96} INFO - Command exited with return code 0
[2023-10-17 08:30:02,597] {taskinstance.py:1420} INFO - Marking task as SUCCESS. dag_id=currency_btc_rub_every_10_munutes, task_id=good_morning_task, execution_date=20231017T082000, start_date=20231017T083001, end_date=20231017T083002
[2023-10-17 08:30:02,654] {local_task_job.py:156} INFO - Task exited with return code 0
[2023-10-17 08:30:02,723] {local_task_job.py:273} INFO - 1 downstream tasks scheduled from follow-on schedule check
