[2023-10-17 07:33:54,679] {taskinstance.py:1179} INFO - Dependencies all met for <TaskInstance: currency_btc_rub_every_10_munutes.good_morning_task scheduled__2023-10-17T07:20:00+00:00 [queued]>
[2023-10-17 07:33:54,723] {taskinstance.py:1179} INFO - Dependencies all met for <TaskInstance: currency_btc_rub_every_10_munutes.good_morning_task scheduled__2023-10-17T07:20:00+00:00 [queued]>
[2023-10-17 07:33:54,727] {taskinstance.py:1376} INFO - 
--------------------------------------------------------------------------------
[2023-10-17 07:33:54,728] {taskinstance.py:1377} INFO - Starting attempt 1 of 2
[2023-10-17 07:33:54,729] {taskinstance.py:1378} INFO - 
--------------------------------------------------------------------------------
[2023-10-17 07:33:54,810] {taskinstance.py:1397} INFO - Executing <Task(BashOperator): good_morning_task> on 2023-10-17 07:20:00+00:00
[2023-10-17 07:33:54,825] {standard_task_runner.py:52} INFO - Started process 65 to run task
[2023-10-17 07:33:54,856] {standard_task_runner.py:79} INFO - Running: ['***', 'tasks', 'run', 'currency_btc_rub_every_10_munutes', 'good_morning_task', 'scheduled__2023-10-17T07:20:00+00:00', '--job-id', '26', '--raw', '--subdir', 'DAGS_FOLDER/hello.py', '--cfg-path', '/tmp/tmp92o9g6c9', '--error-file', '/tmp/tmpzp8w921b']
[2023-10-17 07:33:54,859] {standard_task_runner.py:80} INFO - Job 26: Subtask good_morning_task
[2023-10-17 07:33:55,079] {task_command.py:371} INFO - Running <TaskInstance: currency_btc_rub_every_10_munutes.good_morning_task scheduled__2023-10-17T07:20:00+00:00 [running]> on host 42940a1477e2
[2023-10-17 07:33:55,425] {taskinstance.py:1591} INFO - Exporting the following env vars:
AIRFLOW_CTX_DAG_OWNER=Andrey1309
AIRFLOW_CTX_DAG_ID=currency_btc_rub_every_10_munutes
AIRFLOW_CTX_TASK_ID=good_morning_task
AIRFLOW_CTX_EXECUTION_DATE=2023-10-17T07:20:00+00:00
AIRFLOW_CTX_TRY_NUMBER=1
AIRFLOW_CTX_DAG_RUN_ID=scheduled__2023-10-17T07:20:00+00:00
[2023-10-17 07:33:55,429] {subprocess.py:62} INFO - Tmp dir root location: 
 /tmp
[2023-10-17 07:33:55,431] {subprocess.py:74} INFO - Running command: ['bash', '-c', 'echo "Good morning my diggers!"']
[2023-10-17 07:33:55,480] {subprocess.py:85} INFO - Output:
[2023-10-17 07:33:55,484] {subprocess.py:92} INFO - Good morning my diggers!
[2023-10-17 07:33:55,486] {subprocess.py:96} INFO - Command exited with return code 0
[2023-10-17 07:33:55,774] {taskinstance.py:1420} INFO - Marking task as SUCCESS. dag_id=currency_btc_rub_every_10_munutes, task_id=good_morning_task, execution_date=20231017T072000, start_date=20231017T073354, end_date=20231017T073355
[2023-10-17 07:33:55,940] {local_task_job.py:156} INFO - Task exited with return code 0
[2023-10-17 07:33:56,227] {local_task_job.py:273} INFO - 0 downstream tasks scheduled from follow-on schedule check
