[2023-10-17 07:51:14,784] {taskinstance.py:1179} INFO - Dependencies all met for <TaskInstance: currency_btc_rub_every_10_munutes.good_morning_task scheduled__2023-10-17T07:40:00+00:00 [queued]>
[2023-10-17 07:51:14,800] {taskinstance.py:1179} INFO - Dependencies all met for <TaskInstance: currency_btc_rub_every_10_munutes.good_morning_task scheduled__2023-10-17T07:40:00+00:00 [queued]>
[2023-10-17 07:51:14,801] {taskinstance.py:1376} INFO - 
--------------------------------------------------------------------------------
[2023-10-17 07:51:14,802] {taskinstance.py:1377} INFO - Starting attempt 1 of 2
[2023-10-17 07:51:14,803] {taskinstance.py:1378} INFO - 
--------------------------------------------------------------------------------
[2023-10-17 07:51:14,825] {taskinstance.py:1397} INFO - Executing <Task(BashOperator): good_morning_task> on 2023-10-17 07:40:00+00:00
[2023-10-17 07:51:14,832] {standard_task_runner.py:52} INFO - Started process 640 to run task
[2023-10-17 07:51:14,838] {standard_task_runner.py:79} INFO - Running: ['***', 'tasks', 'run', 'currency_btc_rub_every_10_munutes', 'good_morning_task', 'scheduled__2023-10-17T07:40:00+00:00', '--job-id', '42', '--raw', '--subdir', 'DAGS_FOLDER/hello.py', '--cfg-path', '/tmp/tmpf0cpy5jg', '--error-file', '/tmp/tmpzt3q542e']
[2023-10-17 07:51:14,839] {standard_task_runner.py:80} INFO - Job 42: Subtask good_morning_task
[2023-10-17 07:51:14,936] {task_command.py:371} INFO - Running <TaskInstance: currency_btc_rub_every_10_munutes.good_morning_task scheduled__2023-10-17T07:40:00+00:00 [running]> on host 5ae209acedc4
[2023-10-17 07:51:15,046] {taskinstance.py:1591} INFO - Exporting the following env vars:
AIRFLOW_CTX_DAG_OWNER=Andrey1309
AIRFLOW_CTX_DAG_ID=currency_btc_rub_every_10_munutes
AIRFLOW_CTX_TASK_ID=good_morning_task
AIRFLOW_CTX_EXECUTION_DATE=2023-10-17T07:40:00+00:00
AIRFLOW_CTX_TRY_NUMBER=1
AIRFLOW_CTX_DAG_RUN_ID=scheduled__2023-10-17T07:40:00+00:00
[2023-10-17 07:51:15,048] {subprocess.py:62} INFO - Tmp dir root location: 
 /tmp
[2023-10-17 07:51:15,050] {subprocess.py:74} INFO - Running command: ['bash', '-c', 'echo "Good morning my diggers!"']
[2023-10-17 07:51:15,067] {subprocess.py:85} INFO - Output:
[2023-10-17 07:51:15,069] {subprocess.py:92} INFO - Good morning my diggers!
[2023-10-17 07:51:15,071] {subprocess.py:96} INFO - Command exited with return code 0
[2023-10-17 07:51:15,116] {taskinstance.py:1420} INFO - Marking task as SUCCESS. dag_id=currency_btc_rub_every_10_munutes, task_id=good_morning_task, execution_date=20231017T074000, start_date=20231017T075114, end_date=20231017T075115
[2023-10-17 07:51:15,171] {local_task_job.py:156} INFO - Task exited with return code 0
[2023-10-17 07:51:15,224] {local_task_job.py:273} INFO - 1 downstream tasks scheduled from follow-on schedule check
