[2023-10-17 08:15:03,332] {taskinstance.py:1179} INFO - Dependencies all met for <TaskInstance: currency_btc_rub_every_10_munutes.get_rate_from_api_task manual__2023-10-17T08:15:01.118948+00:00 [queued]>
[2023-10-17 08:15:03,348] {taskinstance.py:1179} INFO - Dependencies all met for <TaskInstance: currency_btc_rub_every_10_munutes.get_rate_from_api_task manual__2023-10-17T08:15:01.118948+00:00 [queued]>
[2023-10-17 08:15:03,349] {taskinstance.py:1376} INFO - 
--------------------------------------------------------------------------------
[2023-10-17 08:15:03,350] {taskinstance.py:1377} INFO - Starting attempt 1 of 2
[2023-10-17 08:15:03,351] {taskinstance.py:1378} INFO - 
--------------------------------------------------------------------------------
[2023-10-17 08:15:03,370] {taskinstance.py:1397} INFO - Executing <Task(PythonOperator): get_rate_from_api_task> on 2023-10-17 08:15:01.118948+00:00
[2023-10-17 08:15:03,378] {standard_task_runner.py:52} INFO - Started process 1745 to run task
[2023-10-17 08:15:03,382] {standard_task_runner.py:79} INFO - Running: ['***', 'tasks', 'run', 'currency_btc_rub_every_10_munutes', 'get_rate_from_api_task', 'manual__2023-10-17T08:15:01.118948+00:00', '--job-id', '59', '--raw', '--subdir', 'DAGS_FOLDER/hello.py', '--cfg-path', '/tmp/tmpkh52qmqh', '--error-file', '/tmp/tmp1zh30874']
[2023-10-17 08:15:03,383] {standard_task_runner.py:80} INFO - Job 59: Subtask get_rate_from_api_task
[2023-10-17 08:15:03,486] {task_command.py:371} INFO - Running <TaskInstance: currency_btc_rub_every_10_munutes.get_rate_from_api_task manual__2023-10-17T08:15:01.118948+00:00 [running]> on host 5ae209acedc4
[2023-10-17 08:15:03,601] {taskinstance.py:1591} INFO - Exporting the following env vars:
AIRFLOW_CTX_DAG_OWNER=Andrey1309
AIRFLOW_CTX_DAG_ID=currency_btc_rub_every_10_munutes
AIRFLOW_CTX_TASK_ID=get_rate_from_api_task
AIRFLOW_CTX_EXECUTION_DATE=2023-10-17T08:15:01.118948+00:00
AIRFLOW_CTX_TRY_NUMBER=1
AIRFLOW_CTX_DAG_RUN_ID=manual__2023-10-17T08:15:01.118948+00:00
[2023-10-17 08:15:04,573] {logging_mixin.py:115} INFO - Ошибка при работе с базой данных: column "datetime_rate" of relation "history_rate_btc_rub" does not exist
LINE 1: INSERT INTO history_rate_btc_rub (datetime_rate, value_rate)...
                                          ^
[2023-10-17 08:15:04,577] {python.py:173} INFO - Done. Returned value was: None
[2023-10-17 08:15:04,603] {taskinstance.py:1420} INFO - Marking task as SUCCESS. dag_id=currency_btc_rub_every_10_munutes, task_id=get_rate_from_api_task, execution_date=20231017T081501, start_date=20231017T081503, end_date=20231017T081504
[2023-10-17 08:15:04,661] {local_task_job.py:156} INFO - Task exited with return code 0
[2023-10-17 08:15:04,722] {local_task_job.py:273} INFO - 0 downstream tasks scheduled from follow-on schedule check
