[2023-10-17 08:03:33,632] {taskinstance.py:1179} INFO - Dependencies all met for <TaskInstance: currency_btc_rub_every_10_munutes.good_morning_task manual__2023-10-17T08:03:32.677399+00:00 [queued]>
[2023-10-17 08:03:33,650] {taskinstance.py:1179} INFO - Dependencies all met for <TaskInstance: currency_btc_rub_every_10_munutes.good_morning_task manual__2023-10-17T08:03:32.677399+00:00 [queued]>
[2023-10-17 08:03:33,651] {taskinstance.py:1376} INFO - 
--------------------------------------------------------------------------------
[2023-10-17 08:03:33,652] {taskinstance.py:1377} INFO - Starting attempt 1 of 2
[2023-10-17 08:03:33,653] {taskinstance.py:1378} INFO - 
--------------------------------------------------------------------------------
[2023-10-17 08:03:33,672] {taskinstance.py:1397} INFO - Executing <Task(BashOperator): good_morning_task> on 2023-10-17 08:03:32.677399+00:00
[2023-10-17 08:03:33,679] {standard_task_runner.py:52} INFO - Started process 1211 to run task
[2023-10-17 08:03:33,685] {standard_task_runner.py:79} INFO - Running: ['***', 'tasks', 'run', 'currency_btc_rub_every_10_munutes', 'good_morning_task', 'manual__2023-10-17T08:03:32.677399+00:00', '--job-id', '50', '--raw', '--subdir', 'DAGS_FOLDER/hello.py', '--cfg-path', '/tmp/tmp4y927q0x', '--error-file', '/tmp/tmpz34f0blj']
[2023-10-17 08:03:33,686] {standard_task_runner.py:80} INFO - Job 50: Subtask good_morning_task
[2023-10-17 08:03:33,790] {task_command.py:371} INFO - Running <TaskInstance: currency_btc_rub_every_10_munutes.good_morning_task manual__2023-10-17T08:03:32.677399+00:00 [running]> on host 5ae209acedc4
[2023-10-17 08:03:33,907] {taskinstance.py:1591} INFO - Exporting the following env vars:
AIRFLOW_CTX_DAG_OWNER=Andrey1309
AIRFLOW_CTX_DAG_ID=currency_btc_rub_every_10_munutes
AIRFLOW_CTX_TASK_ID=good_morning_task
AIRFLOW_CTX_EXECUTION_DATE=2023-10-17T08:03:32.677399+00:00
AIRFLOW_CTX_TRY_NUMBER=1
AIRFLOW_CTX_DAG_RUN_ID=manual__2023-10-17T08:03:32.677399+00:00
[2023-10-17 08:03:33,909] {subprocess.py:62} INFO - Tmp dir root location: 
 /tmp
[2023-10-17 08:03:33,911] {subprocess.py:74} INFO - Running command: ['bash', '-c', 'echo "Good morning my diggers!"']
[2023-10-17 08:03:33,928] {subprocess.py:85} INFO - Output:
[2023-10-17 08:03:33,930] {subprocess.py:92} INFO - Good morning my diggers!
[2023-10-17 08:03:33,931] {subprocess.py:96} INFO - Command exited with return code 0
[2023-10-17 08:03:33,981] {taskinstance.py:1420} INFO - Marking task as SUCCESS. dag_id=currency_btc_rub_every_10_munutes, task_id=good_morning_task, execution_date=20231017T080332, start_date=20231017T080333, end_date=20231017T080333
[2023-10-17 08:03:34,019] {local_task_job.py:156} INFO - Task exited with return code 0
[2023-10-17 08:03:34,071] {local_task_job.py:273} INFO - 1 downstream tasks scheduled from follow-on schedule check
