[2023-10-17 08:00:01,615] {taskinstance.py:1179} INFO - Dependencies all met for <TaskInstance: currency_btc_rub_every_10_munutes.good_morning_task scheduled__2023-10-17T07:50:00+00:00 [queued]>
[2023-10-17 08:00:01,632] {taskinstance.py:1179} INFO - Dependencies all met for <TaskInstance: currency_btc_rub_every_10_munutes.good_morning_task scheduled__2023-10-17T07:50:00+00:00 [queued]>
[2023-10-17 08:00:01,633] {taskinstance.py:1376} INFO - 
--------------------------------------------------------------------------------
[2023-10-17 08:00:01,634] {taskinstance.py:1377} INFO - Starting attempt 1 of 2
[2023-10-17 08:00:01,635] {taskinstance.py:1378} INFO - 
--------------------------------------------------------------------------------
[2023-10-17 08:00:01,653] {taskinstance.py:1397} INFO - Executing <Task(BashOperator): good_morning_task> on 2023-10-17 07:50:00+00:00
[2023-10-17 08:00:01,661] {standard_task_runner.py:52} INFO - Started process 1043 to run task
[2023-10-17 08:00:01,666] {standard_task_runner.py:79} INFO - Running: ['***', 'tasks', 'run', 'currency_btc_rub_every_10_munutes', 'good_morning_task', 'scheduled__2023-10-17T07:50:00+00:00', '--job-id', '48', '--raw', '--subdir', 'DAGS_FOLDER/hello.py', '--cfg-path', '/tmp/tmphu3flrsu', '--error-file', '/tmp/tmp2i5w9hqp']
[2023-10-17 08:00:01,667] {standard_task_runner.py:80} INFO - Job 48: Subtask good_morning_task
[2023-10-17 08:00:01,787] {task_command.py:371} INFO - Running <TaskInstance: currency_btc_rub_every_10_munutes.good_morning_task scheduled__2023-10-17T07:50:00+00:00 [running]> on host 5ae209acedc4
[2023-10-17 08:00:01,899] {taskinstance.py:1591} INFO - Exporting the following env vars:
AIRFLOW_CTX_DAG_OWNER=Andrey1309
AIRFLOW_CTX_DAG_ID=currency_btc_rub_every_10_munutes
AIRFLOW_CTX_TASK_ID=good_morning_task
AIRFLOW_CTX_EXECUTION_DATE=2023-10-17T07:50:00+00:00
AIRFLOW_CTX_TRY_NUMBER=1
AIRFLOW_CTX_DAG_RUN_ID=scheduled__2023-10-17T07:50:00+00:00
[2023-10-17 08:00:01,902] {subprocess.py:62} INFO - Tmp dir root location: 
 /tmp
[2023-10-17 08:00:01,903] {subprocess.py:74} INFO - Running command: ['bash', '-c', 'echo "Good morning my diggers!"']
[2023-10-17 08:00:01,917] {subprocess.py:85} INFO - Output:
[2023-10-17 08:00:01,921] {subprocess.py:92} INFO - Good morning my diggers!
[2023-10-17 08:00:01,923] {subprocess.py:96} INFO - Command exited with return code 0
[2023-10-17 08:00:01,972] {taskinstance.py:1420} INFO - Marking task as SUCCESS. dag_id=currency_btc_rub_every_10_munutes, task_id=good_morning_task, execution_date=20231017T075000, start_date=20231017T080001, end_date=20231017T080001
[2023-10-17 08:00:02,045] {local_task_job.py:156} INFO - Task exited with return code 0
[2023-10-17 08:00:02,104] {local_task_job.py:273} INFO - 1 downstream tasks scheduled from follow-on schedule check
