[2023-10-17 08:20:02,025] {taskinstance.py:1179} INFO - Dependencies all met for <TaskInstance: currency_btc_rub_every_10_munutes.get_rate_from_api_task scheduled__2023-10-17T08:10:00+00:00 [queued]>
[2023-10-17 08:20:02,043] {taskinstance.py:1179} INFO - Dependencies all met for <TaskInstance: currency_btc_rub_every_10_munutes.get_rate_from_api_task scheduled__2023-10-17T08:10:00+00:00 [queued]>
[2023-10-17 08:20:02,044] {taskinstance.py:1376} INFO - 
--------------------------------------------------------------------------------
[2023-10-17 08:20:02,045] {taskinstance.py:1377} INFO - Starting attempt 1 of 2
[2023-10-17 08:20:02,047] {taskinstance.py:1378} INFO - 
--------------------------------------------------------------------------------
[2023-10-17 08:20:02,079] {taskinstance.py:1397} INFO - Executing <Task(PythonOperator): get_rate_from_api_task> on 2023-10-17 08:10:00+00:00
[2023-10-17 08:20:02,085] {standard_task_runner.py:52} INFO - Started process 1973 to run task
[2023-10-17 08:20:02,092] {standard_task_runner.py:79} INFO - Running: ['***', 'tasks', 'run', 'currency_btc_rub_every_10_munutes', 'get_rate_from_api_task', 'scheduled__2023-10-17T08:10:00+00:00', '--job-id', '61', '--raw', '--subdir', 'DAGS_FOLDER/hello.py', '--cfg-path', '/tmp/tmpqywfkkbx', '--error-file', '/tmp/tmpxsd1nrby']
[2023-10-17 08:20:02,099] {standard_task_runner.py:80} INFO - Job 61: Subtask get_rate_from_api_task
[2023-10-17 08:20:02,238] {task_command.py:371} INFO - Running <TaskInstance: currency_btc_rub_every_10_munutes.get_rate_from_api_task scheduled__2023-10-17T08:10:00+00:00 [running]> on host 5ae209acedc4
[2023-10-17 08:20:02,353] {taskinstance.py:1591} INFO - Exporting the following env vars:
AIRFLOW_CTX_DAG_OWNER=Andrey1309
AIRFLOW_CTX_DAG_ID=currency_btc_rub_every_10_munutes
AIRFLOW_CTX_TASK_ID=get_rate_from_api_task
AIRFLOW_CTX_EXECUTION_DATE=2023-10-17T08:10:00+00:00
AIRFLOW_CTX_TRY_NUMBER=1
AIRFLOW_CTX_DAG_RUN_ID=scheduled__2023-10-17T08:10:00+00:00
[2023-10-17 08:20:03,176] {logging_mixin.py:115} INFO - Данные успешно вставлены в базу данных.
[2023-10-17 08:20:03,178] {python.py:173} INFO - Done. Returned value was: None
[2023-10-17 08:20:03,201] {taskinstance.py:1420} INFO - Marking task as SUCCESS. dag_id=currency_btc_rub_every_10_munutes, task_id=get_rate_from_api_task, execution_date=20231017T081000, start_date=20231017T082002, end_date=20231017T082003
[2023-10-17 08:20:03,236] {local_task_job.py:156} INFO - Task exited with return code 0
[2023-10-17 08:20:03,280] {local_task_job.py:273} INFO - 0 downstream tasks scheduled from follow-on schedule check
