[2023-10-17 08:20:18,329] {taskinstance.py:1179} INFO - Dependencies all met for <TaskInstance: currency_btc_rub_every_10_munutes.get_rate_from_api_task manual__2023-10-17T08:20:15.952983+00:00 [queued]>
[2023-10-17 08:20:18,344] {taskinstance.py:1179} INFO - Dependencies all met for <TaskInstance: currency_btc_rub_every_10_munutes.get_rate_from_api_task manual__2023-10-17T08:20:15.952983+00:00 [queued]>
[2023-10-17 08:20:18,345] {taskinstance.py:1376} INFO - 
--------------------------------------------------------------------------------
[2023-10-17 08:20:18,347] {taskinstance.py:1377} INFO - Starting attempt 1 of 2
[2023-10-17 08:20:18,348] {taskinstance.py:1378} INFO - 
--------------------------------------------------------------------------------
[2023-10-17 08:20:18,369] {taskinstance.py:1397} INFO - Executing <Task(PythonOperator): get_rate_from_api_task> on 2023-10-17 08:20:15.952983+00:00
[2023-10-17 08:20:18,376] {standard_task_runner.py:52} INFO - Started process 1987 to run task
[2023-10-17 08:20:18,387] {standard_task_runner.py:79} INFO - Running: ['***', 'tasks', 'run', 'currency_btc_rub_every_10_munutes', 'get_rate_from_api_task', 'manual__2023-10-17T08:20:15.952983+00:00', '--job-id', '63', '--raw', '--subdir', 'DAGS_FOLDER/hello.py', '--cfg-path', '/tmp/tmpduys_gvg', '--error-file', '/tmp/tmpwy0qyxzj']
[2023-10-17 08:20:18,389] {standard_task_runner.py:80} INFO - Job 63: Subtask get_rate_from_api_task
[2023-10-17 08:20:18,537] {task_command.py:371} INFO - Running <TaskInstance: currency_btc_rub_every_10_munutes.get_rate_from_api_task manual__2023-10-17T08:20:15.952983+00:00 [running]> on host 5ae209acedc4
[2023-10-17 08:20:18,662] {taskinstance.py:1591} INFO - Exporting the following env vars:
AIRFLOW_CTX_DAG_OWNER=Andrey1309
AIRFLOW_CTX_DAG_ID=currency_btc_rub_every_10_munutes
AIRFLOW_CTX_TASK_ID=get_rate_from_api_task
AIRFLOW_CTX_EXECUTION_DATE=2023-10-17T08:20:15.952983+00:00
AIRFLOW_CTX_TRY_NUMBER=1
AIRFLOW_CTX_DAG_RUN_ID=manual__2023-10-17T08:20:15.952983+00:00
[2023-10-17 08:20:19,313] {logging_mixin.py:115} INFO - Данные успешно вставлены в базу данных.
[2023-10-17 08:20:19,318] {python.py:173} INFO - Done. Returned value was: None
[2023-10-17 08:20:19,342] {taskinstance.py:1420} INFO - Marking task as SUCCESS. dag_id=currency_btc_rub_every_10_munutes, task_id=get_rate_from_api_task, execution_date=20231017T082015, start_date=20231017T082018, end_date=20231017T082019
[2023-10-17 08:20:19,404] {local_task_job.py:156} INFO - Task exited with return code 0
[2023-10-17 08:20:19,468] {local_task_job.py:273} INFO - 0 downstream tasks scheduled from follow-on schedule check
