[2023-10-17 07:40:01,080] {taskinstance.py:1179} INFO - Dependencies all met for <TaskInstance: currency_btc_rub_every_10_munutes.good_morning_task scheduled__2023-10-17T07:30:00+00:00 [queued]>
[2023-10-17 07:40:01,093] {taskinstance.py:1179} INFO - Dependencies all met for <TaskInstance: currency_btc_rub_every_10_munutes.good_morning_task scheduled__2023-10-17T07:30:00+00:00 [queued]>
[2023-10-17 07:40:01,094] {taskinstance.py:1376} INFO - 
--------------------------------------------------------------------------------
[2023-10-17 07:40:01,095] {taskinstance.py:1377} INFO - Starting attempt 1 of 2
[2023-10-17 07:40:01,096] {taskinstance.py:1378} INFO - 
--------------------------------------------------------------------------------
[2023-10-17 07:40:01,112] {taskinstance.py:1397} INFO - Executing <Task(BashOperator): good_morning_task> on 2023-10-17 07:30:00+00:00
[2023-10-17 07:40:01,122] {standard_task_runner.py:52} INFO - Started process 117 to run task
[2023-10-17 07:40:01,128] {standard_task_runner.py:79} INFO - Running: ['***', 'tasks', 'run', 'currency_btc_rub_every_10_munutes', 'good_morning_task', 'scheduled__2023-10-17T07:30:00+00:00', '--job-id', '33', '--raw', '--subdir', 'DAGS_FOLDER/hello.py', '--cfg-path', '/tmp/tmpu516npk3', '--error-file', '/tmp/tmpbyjrc3cf']
[2023-10-17 07:40:01,129] {standard_task_runner.py:80} INFO - Job 33: Subtask good_morning_task
[2023-10-17 07:40:01,242] {task_command.py:371} INFO - Running <TaskInstance: currency_btc_rub_every_10_munutes.good_morning_task scheduled__2023-10-17T07:30:00+00:00 [running]> on host 5ae209acedc4
[2023-10-17 07:40:01,341] {taskinstance.py:1591} INFO - Exporting the following env vars:
AIRFLOW_CTX_DAG_OWNER=Andrey1309
AIRFLOW_CTX_DAG_ID=currency_btc_rub_every_10_munutes
AIRFLOW_CTX_TASK_ID=good_morning_task
AIRFLOW_CTX_EXECUTION_DATE=2023-10-17T07:30:00+00:00
AIRFLOW_CTX_TRY_NUMBER=1
AIRFLOW_CTX_DAG_RUN_ID=scheduled__2023-10-17T07:30:00+00:00
[2023-10-17 07:40:01,343] {subprocess.py:62} INFO - Tmp dir root location: 
 /tmp
[2023-10-17 07:40:01,344] {subprocess.py:74} INFO - Running command: ['bash', '-c', 'echo "Good morning my diggers!"']
[2023-10-17 07:40:01,358] {subprocess.py:85} INFO - Output:
[2023-10-17 07:40:01,362] {subprocess.py:92} INFO - Good morning my diggers!
[2023-10-17 07:40:01,363] {subprocess.py:96} INFO - Command exited with return code 0
[2023-10-17 07:40:01,411] {taskinstance.py:1420} INFO - Marking task as SUCCESS. dag_id=currency_btc_rub_every_10_munutes, task_id=good_morning_task, execution_date=20231017T073000, start_date=20231017T074001, end_date=20231017T074001
[2023-10-17 07:40:01,461] {local_task_job.py:156} INFO - Task exited with return code 0
[2023-10-17 07:40:01,510] {local_task_job.py:273} INFO - 1 downstream tasks scheduled from follow-on schedule check
