[2023-10-17 07:41:58,037] {taskinstance.py:1179} INFO - Dependencies all met for <TaskInstance: currency_btc_rub_every_10_munutes.good_morning_task manual__2023-10-17T07:41:56.610736+00:00 [queued]>
[2023-10-17 07:41:58,052] {taskinstance.py:1179} INFO - Dependencies all met for <TaskInstance: currency_btc_rub_every_10_munutes.good_morning_task manual__2023-10-17T07:41:56.610736+00:00 [queued]>
[2023-10-17 07:41:58,053] {taskinstance.py:1376} INFO - 
--------------------------------------------------------------------------------
[2023-10-17 07:41:58,054] {taskinstance.py:1377} INFO - Starting attempt 1 of 2
[2023-10-17 07:41:58,054] {taskinstance.py:1378} INFO - 
--------------------------------------------------------------------------------
[2023-10-17 07:41:58,072] {taskinstance.py:1397} INFO - Executing <Task(BashOperator): good_morning_task> on 2023-10-17 07:41:56.610736+00:00
[2023-10-17 07:41:58,082] {standard_task_runner.py:52} INFO - Started process 203 to run task
[2023-10-17 07:41:58,087] {standard_task_runner.py:79} INFO - Running: ['***', 'tasks', 'run', 'currency_btc_rub_every_10_munutes', 'good_morning_task', 'manual__2023-10-17T07:41:56.610736+00:00', '--job-id', '35', '--raw', '--subdir', 'DAGS_FOLDER/hello.py', '--cfg-path', '/tmp/tmp85motaxg', '--error-file', '/tmp/tmppjdfgd1z']
[2023-10-17 07:41:58,088] {standard_task_runner.py:80} INFO - Job 35: Subtask good_morning_task
[2023-10-17 07:41:58,214] {task_command.py:371} INFO - Running <TaskInstance: currency_btc_rub_every_10_munutes.good_morning_task manual__2023-10-17T07:41:56.610736+00:00 [running]> on host 5ae209acedc4
[2023-10-17 07:41:58,316] {taskinstance.py:1591} INFO - Exporting the following env vars:
AIRFLOW_CTX_DAG_OWNER=Andrey1309
AIRFLOW_CTX_DAG_ID=currency_btc_rub_every_10_munutes
AIRFLOW_CTX_TASK_ID=good_morning_task
AIRFLOW_CTX_EXECUTION_DATE=2023-10-17T07:41:56.610736+00:00
AIRFLOW_CTX_TRY_NUMBER=1
AIRFLOW_CTX_DAG_RUN_ID=manual__2023-10-17T07:41:56.610736+00:00
[2023-10-17 07:41:58,318] {subprocess.py:62} INFO - Tmp dir root location: 
 /tmp
[2023-10-17 07:41:58,319] {subprocess.py:74} INFO - Running command: ['bash', '-c', 'echo "Good morning my diggers!"']
[2023-10-17 07:41:58,335] {subprocess.py:85} INFO - Output:
[2023-10-17 07:41:58,337] {subprocess.py:92} INFO - Good morning my diggers!
[2023-10-17 07:41:58,338] {subprocess.py:96} INFO - Command exited with return code 0
[2023-10-17 07:41:58,380] {taskinstance.py:1420} INFO - Marking task as SUCCESS. dag_id=currency_btc_rub_every_10_munutes, task_id=good_morning_task, execution_date=20231017T074156, start_date=20231017T074158, end_date=20231017T074158
[2023-10-17 07:41:58,422] {local_task_job.py:156} INFO - Task exited with return code 0
[2023-10-17 07:41:58,472] {local_task_job.py:273} INFO - 1 downstream tasks scheduled from follow-on schedule check
