[2023-10-17 08:30:04,098] {taskinstance.py:1179} INFO - Dependencies all met for <TaskInstance: currency_btc_rub_every_10_munutes.get_rate_from_api_task scheduled__2023-10-17T08:20:00+00:00 [queued]>
[2023-10-17 08:30:04,120] {taskinstance.py:1179} INFO - Dependencies all met for <TaskInstance: currency_btc_rub_every_10_munutes.get_rate_from_api_task scheduled__2023-10-17T08:20:00+00:00 [queued]>
[2023-10-17 08:30:04,122] {taskinstance.py:1376} INFO - 
--------------------------------------------------------------------------------
[2023-10-17 08:30:04,123] {taskinstance.py:1377} INFO - Starting attempt 1 of 2
[2023-10-17 08:30:04,124] {taskinstance.py:1378} INFO - 
--------------------------------------------------------------------------------
[2023-10-17 08:30:04,150] {taskinstance.py:1397} INFO - Executing <Task(PythonOperator): get_rate_from_api_task> on 2023-10-17 08:20:00+00:00
[2023-10-17 08:30:04,164] {standard_task_runner.py:52} INFO - Started process 2427 to run task
[2023-10-17 08:30:04,171] {standard_task_runner.py:79} INFO - Running: ['***', 'tasks', 'run', 'currency_btc_rub_every_10_munutes', 'get_rate_from_api_task', 'scheduled__2023-10-17T08:20:00+00:00', '--job-id', '65', '--raw', '--subdir', 'DAGS_FOLDER/hello.py', '--cfg-path', '/tmp/tmpa63vw69x', '--error-file', '/tmp/tmpnitr13t4']
[2023-10-17 08:30:04,173] {standard_task_runner.py:80} INFO - Job 65: Subtask get_rate_from_api_task
[2023-10-17 08:30:04,322] {task_command.py:371} INFO - Running <TaskInstance: currency_btc_rub_every_10_munutes.get_rate_from_api_task scheduled__2023-10-17T08:20:00+00:00 [running]> on host 5ae209acedc4
[2023-10-17 08:30:04,544] {taskinstance.py:1591} INFO - Exporting the following env vars:
AIRFLOW_CTX_DAG_OWNER=Andrey1309
AIRFLOW_CTX_DAG_ID=currency_btc_rub_every_10_munutes
AIRFLOW_CTX_TASK_ID=get_rate_from_api_task
AIRFLOW_CTX_EXECUTION_DATE=2023-10-17T08:20:00+00:00
AIRFLOW_CTX_TRY_NUMBER=1
AIRFLOW_CTX_DAG_RUN_ID=scheduled__2023-10-17T08:20:00+00:00
[2023-10-17 08:30:05,212] {logging_mixin.py:115} INFO - Данные успешно вставлены в базу данных.
[2023-10-17 08:30:05,213] {python.py:173} INFO - Done. Returned value was: None
[2023-10-17 08:30:05,246] {taskinstance.py:1420} INFO - Marking task as SUCCESS. dag_id=currency_btc_rub_every_10_munutes, task_id=get_rate_from_api_task, execution_date=20231017T082000, start_date=20231017T083004, end_date=20231017T083005
[2023-10-17 08:30:05,308] {local_task_job.py:156} INFO - Task exited with return code 0
[2023-10-17 08:30:05,405] {local_task_job.py:273} INFO - 0 downstream tasks scheduled from follow-on schedule check
