[2023-10-17 08:09:23,214] {taskinstance.py:1179} INFO - Dependencies all met for <TaskInstance: currency_btc_rub_every_10_munutes.good_morning_task manual__2023-10-17T08:09:22.061090+00:00 [queued]>
[2023-10-17 08:09:23,230] {taskinstance.py:1179} INFO - Dependencies all met for <TaskInstance: currency_btc_rub_every_10_munutes.good_morning_task manual__2023-10-17T08:09:22.061090+00:00 [queued]>
[2023-10-17 08:09:23,232] {taskinstance.py:1376} INFO - 
--------------------------------------------------------------------------------
[2023-10-17 08:09:23,232] {taskinstance.py:1377} INFO - Starting attempt 1 of 2
[2023-10-17 08:09:23,233] {taskinstance.py:1378} INFO - 
--------------------------------------------------------------------------------
[2023-10-17 08:09:23,253] {taskinstance.py:1397} INFO - Executing <Task(BashOperator): good_morning_task> on 2023-10-17 08:09:22.061090+00:00
[2023-10-17 08:09:23,260] {standard_task_runner.py:52} INFO - Started process 1476 to run task
[2023-10-17 08:09:23,265] {standard_task_runner.py:79} INFO - Running: ['***', 'tasks', 'run', 'currency_btc_rub_every_10_munutes', 'good_morning_task', 'manual__2023-10-17T08:09:22.061090+00:00', '--job-id', '54', '--raw', '--subdir', 'DAGS_FOLDER/hello.py', '--cfg-path', '/tmp/tmp_irf17s2', '--error-file', '/tmp/tmp5s7vrdkd']
[2023-10-17 08:09:23,266] {standard_task_runner.py:80} INFO - Job 54: Subtask good_morning_task
[2023-10-17 08:09:23,367] {task_command.py:371} INFO - Running <TaskInstance: currency_btc_rub_every_10_munutes.good_morning_task manual__2023-10-17T08:09:22.061090+00:00 [running]> on host 5ae209acedc4
[2023-10-17 08:09:23,480] {taskinstance.py:1591} INFO - Exporting the following env vars:
AIRFLOW_CTX_DAG_OWNER=Andrey1309
AIRFLOW_CTX_DAG_ID=currency_btc_rub_every_10_munutes
AIRFLOW_CTX_TASK_ID=good_morning_task
AIRFLOW_CTX_EXECUTION_DATE=2023-10-17T08:09:22.061090+00:00
AIRFLOW_CTX_TRY_NUMBER=1
AIRFLOW_CTX_DAG_RUN_ID=manual__2023-10-17T08:09:22.061090+00:00
[2023-10-17 08:09:23,483] {subprocess.py:62} INFO - Tmp dir root location: 
 /tmp
[2023-10-17 08:09:23,485] {subprocess.py:74} INFO - Running command: ['bash', '-c', 'echo "Good morning my diggers!"']
[2023-10-17 08:09:23,505] {subprocess.py:85} INFO - Output:
[2023-10-17 08:09:23,508] {subprocess.py:92} INFO - Good morning my diggers!
[2023-10-17 08:09:23,509] {subprocess.py:96} INFO - Command exited with return code 0
[2023-10-17 08:09:23,570] {taskinstance.py:1420} INFO - Marking task as SUCCESS. dag_id=currency_btc_rub_every_10_munutes, task_id=good_morning_task, execution_date=20231017T080922, start_date=20231017T080923, end_date=20231017T080923
[2023-10-17 08:09:23,640] {local_task_job.py:156} INFO - Task exited with return code 0
[2023-10-17 08:09:23,695] {local_task_job.py:273} INFO - 1 downstream tasks scheduled from follow-on schedule check
